2018-07-20 18:23:04,648 - my_log.py[line:35] - INFO:------start driver-------
NoneType: None
2018-07-20 18:23:16,717 - my_log.py[line:35] - INFO:----------输入正常的账号密码---------
NoneType: None
2018-07-20 18:23:22,528 - my_log.py[line:35] - INFO:----------选择商品---------
NoneType: None
2018-07-20 18:24:03,358 - my_log.py[line:35] - INFO:----------加入购物车---------
NoneType: None
2018-07-20 18:24:04,706 - my_log.py[line:35] - INFO:----------点击结算---------
NoneType: None
2018-07-20 18:24:11,768 - my_log.py[line:35] - INFO:----------点击支付---------
NoneType: None
2018-07-20 18:24:12,355 - my_log.py[line:35] - INFO:--------支付页面的句柄：-----------
NoneType: None
2018-07-20 18:24:17,658 - my_log.py[line:35] - INFO:------打印支付订单号:U0720p4SE--------
NoneType: None
2018-07-20 18:24:24,589 - my_log.py[line:47] - CRITICAL:----------执行异常--------%s
NoneType: None
2018-07-20 18:24:25,242 - my_log.py[line:35] - INFO:------close driver------
NoneType: None
